Log file open, 07/18/18 16:54:19
LogWindows: Failed to load 'aqProf.dll' (GetLastError=126)
LogWindows: File 'aqProf.dll' does not exist
LogWindows: Failed to load 'VtuneApi.dll' (GetLastError=126)
LogWindows: File 'VtuneApi.dll' does not exist
LogWindows: Failed to load 'VtuneApi32e.dll' (GetLastError=126)
LogWindows: File 'VtuneApi32e.dll' does not exist
LogInit: Display: Running engine for game: BatteryCollector
LogPlatformFile: Not using cached read wrapper
LogInit: Display: RandInit(2021379350) SRandInit(2021379350).
LogInit: Read version file with build ID '3944462'
LogInit: Overriding engine version to CL 4033788, compatible CL 3944462
LogInit: Registered custom module enumerator with build ID '3944462'
LogTaskGraph: Started task graph with 5 named threads and 23 total threads with 3 sets of task threads.
LogStats: Stats thread started at 0.331887
LogD3D11RHI: Aftermath initialized
LogICUInternationalization: Display: ICU TimeZone Detection - Raw Offset: +7:00, Platform Override: ''
LogPluginManager: Mounting plugin Paper2D
LogPluginManager: Mounting plugin LiveLink
LogPluginManager: Mounting plugin LightPropagationVolume
LogPluginManager: Mounting plugin CLionSourceCodeAccess
LogPluginManager: Mounting plugin CodeLiteSourceCodeAccess
LogPluginManager: Mounting plugin GitSourceControl
LogPluginManager: Mounting plugin KDevelopSourceCodeAccess
LogPluginManager: Mounting plugin NullSourceCodeAccess
LogPluginManager: Mounting plugin PerforceSourceControl
LogPluginManager: Mounting plugin SubversionSourceControl
LogPluginManager: Mounting plugin UObjectPlugin
LogPluginManager: Mounting plugin VisualStudioCodeSourceCodeAccess
LogPluginManager: Mounting plugin VisualStudioSourceCodeAccess
LogPluginManager: Mounting plugin XCodeSourceCodeAccess
LogPluginManager: Mounting plugin AssetManagerEditor
LogPluginManager: Mounting plugin CryptoKeys
LogPluginManager: Mounting plugin DataValidation
LogPluginManager: Mounting plugin FacialAnimation
LogPluginManager: Mounting plugin GameplayTagsEditor
LogPluginManager: Mounting plugin MobileLauncherProfileWizard
LogPluginManager: Mounting plugin PluginBrowser
LogPluginManager: Mounting plugin SpeedTreeImporter
LogPluginManager: Mounting plugin DatasmithContent
LogPluginManager: Mounting plugin AlembicImporter
LogPluginManager: Mounting plugin CharacterAI
LogPluginManager: Mounting plugin HTML5Networking
LogPluginManager: Mounting plugin AndroidMedia
LogPluginManager: Mounting plugin AvfMedia
LogPluginManager: Mounting plugin ImgMedia
LogPluginManager: Mounting plugin LinearTimecode
LogPluginManager: Mounting plugin MediaCompositing
LogPluginManager: Mounting plugin MediaPlayerEditor
LogPluginManager: Mounting plugin WmfMedia
LogPluginManager: Mounting plugin TcpMessaging
LogPluginManager: Mounting plugin UdpMessaging
LogPluginManager: Mounting plugin ActorSequence
LogPluginManager: Mounting plugin LevelSequenceEditor
LogPluginManager: Mounting plugin MatineeToLevelSequence
LogPluginManager: Mounting plugin NetcodeUnitTest
LogPluginManager: Mounting plugin NUTUnrealEngine4
LogPluginManager: Mounting plugin OnlineSubsystemGooglePlay
LogPluginManager: Mounting plugin OnlineSubsystemIOS
LogPluginManager: Mounting plugin OnlineSubsystem
LogPluginManager: Mounting plugin OnlineSubsystemNull
LogPluginManager: Mounting plugin OnlineSubsystemUtils
LogPluginManager: Mounting plugin AndroidDeviceProfileSelector
LogPluginManager: Mounting plugin AndroidMoviePlayer
LogPluginManager: Mounting plugin AndroidPermission
LogPluginManager: Mounting plugin AppleARKit
LogPluginManager: Mounting plugin AppleMoviePlayer
LogPluginManager: Mounting plugin ArchVisCharacter
LogPluginManager: Mounting plugin AudioCapture
LogPluginManager: Mounting plugin CableComponent
LogPluginManager: Mounting plugin CustomMeshComponent
LogPluginManager: Mounting plugin ExampleDeviceProfileSelector
LogPluginManager: Mounting plugin GoogleCloudMessaging
LogPluginManager: Mounting plugin ImmediatePhysics
LogPluginManager: Mounting plugin IOSDeviceProfileSelector
LogPluginManager: Mounting plugin LinuxDeviceProfileSelector
LogPluginManager: Mounting plugin LocationServicesBPLibrary
LogPluginManager: Mounting plugin MobilePatchingUtils
LogPluginManager: Mounting plugin OculusVR
LogPluginManager: Plugin shader directory ../../../Engine/Plugins/Runtime/Oculus/OculusVR/Shaders found
LogPluginManager: Mapping shader source directory ../../../Engine/Plugins/Runtime/Oculus/OculusVR/Shaders to virtual directory /Plugin/OculusVR
LogPluginManager: Mounting plugin PhysXVehicles
LogPluginManager: Mounting plugin ProceduralMeshComponent
LogPluginManager: Mounting plugin RuntimePhysXCooking
LogPluginManager: Mounting plugin SteamVR
LogPluginManager: Mounting plugin WindowsMoviePlayer
LogStreaming: Display: Took  0.260s to configure plugins.
LogModuleManager: Display: Found up-to-date module file D:/DOC/Unreal Projects/BatteryCollector/Binaries/Win64/UE4Editor-BatteryCollector.dll (API version 3944462).
LogModuleManager: Display: Found up-to-date module file ../../../Engine/Plugins/2D/Paper2D/Binaries/Win64/UE4Editor-Paper2D.dll (API version 3944462).
LogModuleManager: Display: Found up-to-date module file ../../../Engine/Plugins/2D/Paper2D/Binaries/Win64/UE4Editor-Paper2DEditor.dll (API version 3944462).
LogModuleManager: Display: Found up-to-date module file ../../../Engine/Plugins/2D/Paper2D/Binaries/Win64/UE4Editor-PaperSpriteSheetImporter.dll (API version 3944462).
LogModuleManager: Display: Found up-to-date module file ../../../Engine/Plugins/2D/Paper2D/Binaries/Win64/UE4Editor-PaperTiledImporter.dll (API version 3944462).
LogModuleManager: Display: Found up-to-date module file ../../../Engine/Plugins/2D/Paper2D/Binaries/Win64/UE4Editor-SmartSnapping.dll (API version 3944462).
LogModuleManager: Display: Found up-to-date module file ../../../Engine/Plugins/Animation/LiveLink/Binaries/Win64/UE4Editor-LiveLink.dll (API version 3944462).
LogModuleManager: Display: Found up-to-date module file ../../../Engine/Plugins/Animation/LiveLink/Binaries/Win64/UE4Editor-LiveLinkEditor.dll (API version 3944462).
LogModuleManager: Display: Found up-to-date module file ../../../Engine/Plugins/Blendables/LightPropagationVolume/Binaries/Win64/UE4Editor-LightPropagationVolumeRuntime.dll (API version 3944462).
LogModuleManager: Display: Found up-to-date module file ../../../Engine/Plugins/Blendables/LightPropagationVolume/Binaries/Win64/UE4Editor-LightPropagationVolumeEditor.dll (API version 3944462).
LogModuleManager: Display: Found up-to-date module file ../../../Engine/Plugins/Developer/CLionSourceCodeAccess/Binaries/Win64/UE4Editor-CLionSourceCodeAccess.dll (API version 3944462).
LogModuleManager: Display: Found up-to-date module file ../../../Engine/Plugins/Developer/GitSourceControl/Binaries/Win64/UE4Editor-GitSourceControl.dll (API version 3944462).
LogModuleManager: Display: Found up-to-date module file ../../../Engine/Plugins/Developer/PerforceSourceControl/Binaries/Win64/UE4Editor-PerforceSourceControl.dll (API version 3944462).
LogModuleManager: Display: Found up-to-date module file ../../../Engine/Plugins/Developer/SubversionSourceControl/Binaries/Win64/UE4Editor-SubversionSourceControl.dll (API version 3944462).
LogModuleManager: Display: Found up-to-date module file ../../../Engine/Plugins/Developer/UObjectPlugin/Binaries/Win64/UE4Editor-UObjectPlugin.dll (API version 3944462).
LogModuleManager: Display: Found up-to-date module file ../../../Engine/Plugins/Developer/VisualStudioCodeSourceCodeAccess/Binaries/Win64/UE4Editor-VisualStudioCodeSourceCodeAccess.dll (API version 3944462).
LogModuleManager: Display: Found up-to-date module file ../../../Engine/Plugins/Developer/VisualStudioSourceCodeAccess/Binaries/Win64/UE4Editor-VisualStudioSourceCodeAccess.dll (API version 3944462).
LogModuleManager: Display: Found up-to-date module file ../../../Engine/Plugins/Editor/AssetManagerEditor/Binaries/Win64/UE4Editor-AssetManagerEditor.dll (API version 3944462).
LogModuleManager: Display: Found up-to-date module file ../../../Engine/Plugins/Editor/CryptoKeys/Binaries/Win64/UE4Editor-CryptoKeys.dll (API version 3944462).
LogModuleManager: Display: Found up-to-date module file ../../../Engine/Plugins/Editor/CryptoKeys/Binaries/Win64/UE4Editor-CryptoKeysOpenSSL.dll (API version 3944462).
LogModuleManager: Display: Found up-to-date module file ../../../Engine/Plugins/Editor/DataValidation/Binaries/Win64/UE4Editor-DataValidation.dll (API version 3944462).
LogModuleManager: Display: Found up-to-date module file ../../../Engine/Plugins/Editor/FacialAnimation/Binaries/Win64/UE4Editor-FacialAnimation.dll (API version 3944462).
LogModuleManager: Display: Found up-to-date module file ../../../Engine/Plugins/Editor/FacialAnimation/Binaries/Win64/UE4Editor-FacialAnimationEditor.dll (API version 3944462).
LogModuleManager: Display: Found up-to-date module file ../../../Engine/Plugins/Editor/GameplayTagsEditor/Binaries/Win64/UE4Editor-GameplayTagsEditor.dll (API version 3944462).
LogModuleManager: Display: Found up-to-date module file ../../../Engine/Plugins/Editor/MobileLauncherProfileWizard/Binaries/Win64/UE4Editor-MobileLauncherProfileWizard.dll (API version 3944462).
LogModuleManager: Display: Found up-to-date module file ../../../Engine/Plugins/Editor/PluginBrowser/Binaries/Win64/UE4Editor-PluginBrowser.dll (API version 3944462).
LogModuleManager: Display: Found up-to-date module file ../../../Engine/Plugins/Editor/SpeedTreeImporter/Binaries/Win64/UE4Editor-SpeedTreeImporter.dll (API version 3944462).
LogModuleManager: Display: Found up-to-date module file ../../../Engine/Plugins/Enterprise/DatasmithContent/Binaries/Win64/UE4Editor-DatasmithContent.dll (API version 3944462).
LogModuleManager: Display: Found up-to-date module file ../../../Engine/Plugins/Experimental/AlembicImporter/Binaries/Win64/UE4Editor-AlembicImporter.dll (API version 3944462).
LogModuleManager: Display: Found up-to-date module file ../../../Engine/Plugins/Experimental/AlembicImporter/Binaries/Win64/UE4Editor-AlembicLibrary.dll (API version 3944462).
LogModuleManager: Display: Found up-to-date module file ../../../Engine/Plugins/Experimental/CharacterAI/Binaries/Win64/UE4Editor-CharacterAI.dll (API version 3944462).
LogModuleManager: Display: Found up-to-date module file ../../../Engine/Plugins/Experimental/HTML5Networking/Binaries/Win64/UE4Editor-HTML5Networking.dll (API version 3944462).
LogModuleManager: Display: Found up-to-date module file ../../../Engine/Plugins/Media/AndroidMedia/Binaries/Win64/UE4Editor-AndroidMediaEditor.dll (API version 3944462).
LogModuleManager: Display: Found up-to-date module file ../../../Engine/Plugins/Media/AndroidMedia/Binaries/Win64/UE4Editor-AndroidMediaFactory.dll (API version 3944462).
LogModuleManager: Display: Found up-to-date module file ../../../Engine/Plugins/Media/AvfMedia/Binaries/Win64/UE4Editor-AvfMediaEditor.dll (API version 3944462).
LogModuleManager: Display: Found up-to-date module file ../../../Engine/Plugins/Media/AvfMedia/Binaries/Win64/UE4Editor-AvfMediaFactory.dll (API version 3944462).
LogModuleManager: Display: Found up-to-date module file ../../../Engine/Plugins/Media/AvfMedia/Binaries/Win64/UE4Editor-AvfMediaFactory.dll (API version 3944462).
LogModuleManager: Display: Found up-to-date module file ../../../Engine/Plugins/Media/ImgMedia/Binaries/Win64/UE4Editor-ImgMedia.dll (API version 3944462).
LogModuleManager: Display: Found up-to-date module file ../../../Engine/Plugins/Media/ImgMedia/Binaries/Win64/UE4Editor-ImgMediaEditor.dll (API version 3944462).
LogModuleManager: Display: Found up-to-date module file ../../../Engine/Plugins/Media/ImgMedia/Binaries/Win64/UE4Editor-ImgMediaFactory.dll (API version 3944462).
LogModuleManager: Display: Found up-to-date module file ../../../Engine/Plugins/Media/ImgMedia/Binaries/Win64/UE4Editor-ImgMediaFactory.dll (API version 3944462).
LogModuleManager: Display: Found up-to-date module file ../../../Engine/Plugins/Media/ImgMedia/Binaries/Win64/UE4Editor-OpenExrWrapper.dll (API version 3944462).
LogModuleManager: Display: Found up-to-date module file ../../../Engine/Plugins/Media/LinearTimecode/Binaries/Win64/UE4Editor-LinearTimecode.dll (API version 3944462).
LogModuleManager: Display: Found up-to-date module file ../../../Engine/Plugins/Media/MediaCompositing/Binaries/Win64/UE4Editor-MediaCompositing.dll (API version 3944462).
LogModuleManager: Display: Found up-to-date module file ../../../Engine/Plugins/Media/MediaCompositing/Binaries/Win64/UE4Editor-MediaCompositingEditor.dll (API version 3944462).
LogModuleManager: Display: Found up-to-date module file ../../../Engine/Plugins/Media/MediaPlayerEditor/Binaries/Win64/UE4Editor-MediaPlayerEditor.dll (API version 3944462).
LogModuleManager: Display: Found up-to-date module file ../../../Engine/Plugins/Media/WmfMedia/Binaries/Win64/UE4Editor-WmfMedia.dll (API version 3944462).
LogModuleManager: Display: Found up-to-date module file ../../../Engine/Plugins/Media/WmfMedia/Binaries/Win64/UE4Editor-WmfMediaEditor.dll (API version 3944462).
LogModuleManager: Display: Found up-to-date module file ../../../Engine/Plugins/Media/WmfMedia/Binaries/Win64/UE4Editor-WmfMediaFactory.dll (API version 3944462).
LogModuleManager: Display: Found up-to-date module file ../../../Engine/Plugins/Media/WmfMedia/Binaries/Win64/UE4Editor-WmfMediaFactory.dll (API version 3944462).
LogModuleManager: Display: Found up-to-date module file ../../../Engine/Plugins/Messaging/TcpMessaging/Binaries/Win64/UE4Editor-TcpMessaging.dll (API version 3944462).
LogModuleManager: Display: Found up-to-date module file ../../../Engine/Plugins/Messaging/UdpMessaging/Binaries/Win64/UE4Editor-UdpMessaging.dll (API version 3944462).
LogModuleManager: Display: Found up-to-date module file ../../../Engine/Plugins/MovieScene/ActorSequence/Binaries/Win64/UE4Editor-ActorSequence.dll (API version 3944462).
LogModuleManager: Display: Found up-to-date module file ../../../Engine/Plugins/MovieScene/LevelSequenceEditor/Binaries/Win64/UE4Editor-LevelSequenceEditor.dll (API version 3944462).
LogModuleManager: Display: Found up-to-date module file ../../../Engine/Plugins/MovieScene/MatineeToLevelSequence/Binaries/Win64/UE4Editor-MatineeToLevelSequence.dll (API version 3944462).
LogModuleManager: Display: Found up-to-date module file ../../../Engine/Plugins/NetcodeUnitTest/NetcodeUnitTest/Binaries/Win64/UE4Editor-NetcodeUnitTest.dll (API version 3944462).
LogModuleManager: Display: Found up-to-date module file ../../../Engine/Plugins/NetcodeUnitTest/NUTUnrealEngine4/Binaries/Win64/UE4Editor-NUTUnrealEngine4.dll (API version 3944462).
LogModuleManager: Display: Found up-to-date module file ../../../Engine/Plugins/Online/OnlineSubsystem/Binaries/Win64/UE4Editor-OnlineSubsystem.dll (API version 3944462).
LogModuleManager: Display: Found up-to-date module file ../../../Engine/Plugins/Online/OnlineSubsystemNull/Binaries/Win64/UE4Editor-OnlineSubsystemNull.dll (API version 3944462).
LogModuleManager: Display: Found up-to-date module file ../../../Engine/Plugins/Online/OnlineSubsystemUtils/Binaries/Win64/UE4Editor-OnlineSubsystemUtils.dll (API version 3944462).
LogModuleManager: Display: Found up-to-date module file ../../../Engine/Plugins/Online/OnlineSubsystemUtils/Binaries/Win64/UE4Editor-OnlineBlueprintSupport.dll (API version 3944462).
LogModuleManager: Display: Found up-to-date module file ../../../Engine/Plugins/Runtime/AndroidDeviceProfileSelector/Binaries/Win64/UE4Editor-AndroidDeviceProfileSelector.dll (API version 3944462).
LogModuleManager: Display: Found up-to-date module file ../../../Engine/Plugins/Runtime/AndroidPermission/Binaries/Win64/UE4Editor-AndroidPermission.dll (API version 3944462).
LogModuleManager: Display: Found up-to-date module file ../../../Engine/Plugins/Runtime/AppleARKit/Binaries/Win64/UE4Editor-AppleARKit.dll (API version 3944462).
LogModuleManager: Display: Found up-to-date module file ../../../Engine/Plugins/Runtime/ArchVisCharacter/Binaries/Win64/UE4Editor-ArchVisCharacter.dll (API version 3944462).
LogModuleManager: Display: Found up-to-date module file ../../../Engine/Plugins/Runtime/AudioCapture/Binaries/Win64/UE4Editor-AudioCapture.dll (API version 3944462).
LogModuleManager: Display: Found up-to-date module file ../../../Engine/Plugins/Runtime/AudioCapture/Binaries/Win64/UE4Editor-AudioCaptureEditor.dll (API version 3944462).
LogModuleManager: Display: Found up-to-date module file ../../../Engine/Plugins/Runtime/CableComponent/Binaries/Win64/UE4Editor-CableComponent.dll (API version 3944462).
LogModuleManager: Display: Found up-to-date module file ../../../Engine/Plugins/Runtime/CustomMeshComponent/Binaries/Win64/UE4Editor-CustomMeshComponent.dll (API version 3944462).
LogModuleManager: Display: Found up-to-date module file ../../../Engine/Plugins/Runtime/ExampleDeviceProfileSelector/Binaries/Win64/UE4Editor-ExampleDeviceProfileSelector.dll (API version 3944462).
LogModuleManager: Display: Found up-to-date module file ../../../Engine/Plugins/Runtime/ImmediatePhysics/Binaries/Win64/UE4Editor-ImmediatePhysics.dll (API version 3944462).
LogModuleManager: Display: Found up-to-date module file ../../../Engine/Plugins/Runtime/ImmediatePhysics/Binaries/Win64/UE4Editor-ImmediatePhysicsEditor.dll (API version 3944462).
LogModuleManager: Display: Found up-to-date module file ../../../Engine/Plugins/Runtime/LocationServicesBPLibrary/Binaries/Win64/UE4Editor-LocationServicesBPLibrary.dll (API version 3944462).
LogModuleManager: Display: Found up-to-date module file ../../../Engine/Plugins/Runtime/MobilePatchingUtils/Binaries/Win64/UE4Editor-MobilePatchingUtils.dll (API version 3944462).
LogModuleManager: Display: Found up-to-date module file ../../../Engine/Plugins/Runtime/Oculus/OculusVR/Binaries/Win64/UE4Editor-OculusHMD.dll (API version 3944462).
LogModuleManager: Display: Found up-to-date module file ../../../Engine/Plugins/Runtime/Oculus/OculusVR/Binaries/Win64/UE4Editor-OculusInput.dll (API version 3944462).
LogModuleManager: Display: Found up-to-date module file ../../../Engine/Plugins/Runtime/Oculus/OculusVR/Binaries/Win64/UE4Editor-OculusEditor.dll (API version 3944462).
LogModuleManager: Display: Found up-to-date module file ../../../Engine/Plugins/Runtime/PhysXVehicles/Binaries/Win64/UE4Editor-PhysXVehicles.dll (API version 3944462).
LogModuleManager: Display: Found up-to-date module file ../../../Engine/Plugins/Runtime/PhysXVehicles/Binaries/Win64/UE4Editor-PhysXVehiclesEditor.dll (API version 3944462).
LogModuleManager: Display: Found up-to-date module file ../../../Engine/Plugins/Runtime/ProceduralMeshComponent/Binaries/Win64/UE4Editor-ProceduralMeshComponent.dll (API version 3944462).
LogModuleManager: Display: Found up-to-date module file ../../../Engine/Plugins/Runtime/ProceduralMeshComponent/Binaries/Win64/UE4Editor-ProceduralMeshComponentEditor.dll (API version 3944462).
LogModuleManager: Display: Found up-to-date module file ../../../Engine/Plugins/Runtime/RuntimePhysXCooking/Binaries/Win64/UE4Editor-RuntimePhysXCooking.dll (API version 3944462).
LogModuleManager: Display: Found up-to-date module file ../../../Engine/Plugins/Runtime/Steam/SteamVR/Binaries/Win64/UE4Editor-SteamVR.dll (API version 3944462).
LogModuleManager: Display: Found up-to-date module file ../../../Engine/Plugins/Runtime/Steam/SteamVR/Binaries/Win64/UE4Editor-SteamVRController.dll (API version 3944462).
LogModuleManager: Display: Found up-to-date module file ../../../Engine/Plugins/Runtime/WindowsMoviePlayer/Binaries/Win64/UE4Editor-WindowsMoviePlayer.dll (API version 3944462).
LogInit: Using libcurl 7.47.1
LogInit:  - built for x86_64-pc-win32
LogInit:  - supports SSL with OpenSSL/1.0.2g
LogInit:  - supports HTTP deflate (compression) using libz 1.2.8
LogInit:  - other features:
LogInit:      CURL_VERSION_SSL
LogInit:      CURL_VERSION_LIBZ
LogInit:      CURL_VERSION_IPV6
LogInit:      CURL_VERSION_ASYNCHDNS
LogInit:      CURL_VERSION_LARGEFILE
LogInit:      CURL_VERSION_IDN
LogInit:  CurlRequestOptions (configurable via config and command line):
LogInit:  - bVerifyPeer = false  - Libcurl will NOT verify peer certificate
LogInit:  - bUseHttpProxy = false  - Libcurl will NOT use HTTP proxy
LogInit:  - bDontReuseConnections = false  - Libcurl will reuse connections
LogInit:  - CertBundlePath = nullptr  - Libcurl will use whatever was configured at build time.
LogInit:  - MaxHostConnections = 16  - Libcurl will limit the number of connections to a host
LogInit:  - LocalHostAddr = Default
LogInit: WinSock: version 1.1 (2.2), MaxSocks=32767, MaxUdp=65467
LogInit: WinSock: I am DESKTOP-BNE3V18 (192.168.1.2:0)
LogInit: Build: ++UE4+Release-4.19-CL-4033788
LogInit: Engine Version: 4.19.2-4033788+++UE4+Release-4.19
LogInit: Compatible Engine Version: 4.19.0-3944462+++UE4+Release-4.19
LogInit: Net CL: 3944462
LogDevObjectVersion: Number of dev versions registered: 18
LogDevObjectVersion:   Dev-Blueprints (B0D832E4-1F89-4F0D-ACCF-7EB736FD4AA2): 10
LogDevObjectVersion:   Dev-Build (E1C64328-A22C-4D53-A36C-8E866417BD8C): 0
LogDevObjectVersion:   Dev-Core (375EC13C-06E4-48FB-B500-84F0262A717E): 2
LogDevObjectVersion:   Dev-Editor (E4B068ED-F494-42E9-A231-DA0B2E46BB41): 23
LogDevObjectVersion:   Dev-Framework (CFFC743F-43B0-4480-9391-14DF171D2073): 33
LogDevObjectVersion:   Dev-Mobile (B02B49B5-BB20-44E9-A304-32B752E40360): 2
LogDevObjectVersion:   Dev-Networking (A4E4105C-59A1-49B5-A7C5-40C4547EDFEE): 0
LogDevObjectVersion:   Dev-Online (39C831C9-5AE6-47DC-9A44-9C173E1C8E7C): 0
LogDevObjectVersion:   Dev-Physics (78F01B33-EBEA-4F98-B9B4-84EACCB95AA2): 0
LogDevObjectVersion:   Dev-Platform (6631380F-2D4D-43E0-8009-CF276956A95A): 0
LogDevObjectVersion:   Dev-Rendering (12F88B9F-8875-4AFC-A67C-D90C383ABD29): 25
LogDevObjectVersion:   Dev-Sequencer (7B5AE74C-D270-4C10-A958-57980B212A5A): 6
LogDevObjectVersion:   Dev-VR (D7296918-1DD6-4BDD-9DE2-64A83CC13884): 1
LogDevObjectVersion:   Dev-LoadTimes (C2A15278-BFE7-4AFE-6C17-90FF531DF755): 1
LogDevObjectVersion:   Private-Geometry (6EACA3D4-40EC-4CC1-B786-8BED09428FC5): 2
LogDevObjectVersion:   Dev-AnimPhys (29E575DD-E0A3-4627-9D10-D276232CDCEA): 16
LogDevObjectVersion:   Dev-ReflectionCapture (6B266CEC-1EC7-4B8F-A30B-E4D90942FC07): 1
LogDevObjectVersion:   Dev-Automation (0DF73D61-A23F-47EA-B727-89E90C41499A): 1
LogInit: Compiled (64-bit): Apr 27 2018 02:06:57
LogInit: Compiled with Visual C++: 19.00.24215.01
LogInit: Build Configuration: Development
LogInit: Branch Name: ++UE4+Release-4.19
LogInit: Command Line:  
LogInit: Base Directory: C:/Program Files/Epic Games/UE_4.19/Engine/Binaries/Win64/
LogInit: Installed Engine Build: 1
LogStreaming: Display: Took  0.000s to delete old logs.
LogInit: Presizing for max 8388607 objects, including 0 objects not considered by GC, pre-allocating 0 bytes for permanent pool.
LogInit: Object subsystem initialized
[2018.07.18-09.54.26:089][  0]LogInit: Selected Device Profile: [Windows]
[2018.07.18-09.54.26:089][  0]LogInit: Applying CVar settings loaded from the selected device profile: [Windows]
[2018.07.18-09.54.26:205][  0]LogInit: Computer: DESKTOP-BNE3V18
[2018.07.18-09.54.26:205][  0]LogInit: User: ar3
[2018.07.18-09.54.26:205][  0]LogInit: CPU Page size=4096, Cores=4
[2018.07.18-09.54.26:205][  0]LogInit: High frequency timer resolution =3.411562 MHz
[2018.07.18-09.54.26:206][  0]LogMemory: Memory total: Physical=8.0GB (8GB approx)
[2018.07.18-09.54.26:206][  0]LogMemory: Platform Memory Stats for Windows
[2018.07.18-09.54.26:206][  0]LogMemory: Process Physical Memory: 274.64 MB used, 274.64 MB peak
[2018.07.18-09.54.26:206][  0]LogMemory: Process Virtual Memory: 264.57 MB used, 264.57 MB peak
[2018.07.18-09.54.26:206][  0]LogMemory: Physical Memory: 3157.68 MB used,  4985.52 MB free, 8143.20 MB total
[2018.07.18-09.54.26:206][  0]LogMemory: Virtual Memory: 659.61 MB used,  4985.52 MB free, 134217728.00 MB total
[2018.07.18-09.54.26:844][  0]LogInit: Using OS detected language (en-US).
[2018.07.18-09.54.26:844][  0]LogInit: Using OS detected locale (en-ID).
[2018.07.18-09.54.27:043][  0]LogTextLocalizationManager: No specific localization for 'en-US' exists, so the 'en' localization will be used.
[2018.07.18-09.54.27:876][  0]LogStreaming: Display: Took  1.031s to EndInitTextLocalization.
[2018.07.18-09.54.27:876][  0]LogInit: Setting process to per monitor DPI aware
[2018.07.18-09.54.28:115][  0]LogSlate: New Slate User Created.  User Index 0, Is Virtual User: 0
[2018.07.18-09.54.28:115][  0]LogSlate: Slate User Registered.  User Index 0, Is Virtual User: 0
[2018.07.18-09.54.32:895][  0]LogD3D11RHI: D3D11 adapters:
[2018.07.18-09.54.32:930][  0]LogD3D11RHI:    0. 'NVIDIA GeForce GTX 1050 Ti' (Feature Level 11_0)
[2018.07.18-09.54.32:930][  0]LogD3D11RHI:       4035/0/4071 MB DedicatedVideo/DedicatedSystem/SharedSystem, Outputs:1, VendorId:0x10de
[2018.07.18-09.54.32:931][  0]LogD3D11RHI:    1. 'Microsoft Basic Render Driver' (Feature Level 11_0)
[2018.07.18-09.54.32:931][  0]LogD3D11RHI:       0/0/4071 MB DedicatedVideo/DedicatedSystem/SharedSystem, Outputs:0, VendorId:0x1414
[2018.07.18-09.54.32:931][  0]LogD3D11RHI: Chosen D3D11 Adapter: 0
[2018.07.18-09.54.32:935][  0]LogD3D11RHI: Creating new Direct3DDevice
[2018.07.18-09.54.32:935][  0]LogD3D11RHI:     GPU DeviceId: 0x1c82 (for the marketing name, search the web for "GPU Device Id")
[2018.07.18-09.54.32:935][  0]LogWindows: EnumDisplayDevices:
[2018.07.18-09.54.32:935][  0]LogWindows:    0. 'NVIDIA GeForce GTX 1050 Ti' (P:1 D:1)
[2018.07.18-09.54.32:935][  0]LogWindows:    1. 'NVIDIA GeForce GTX 1050 Ti' (P:0 D:0)
[2018.07.18-09.54.32:935][  0]LogWindows:    2. 'NVIDIA GeForce GTX 1050 Ti' (P:0 D:0)
[2018.07.18-09.54.32:936][  0]LogWindows:    3. 'NVIDIA GeForce GTX 1050 Ti' (P:0 D:0)
[2018.07.18-09.54.32:936][  0]LogWindows: DebugString: FoundDriverCount:4 
[2018.07.18-09.54.32:936][  0]LogD3D11RHI:     Adapter Name: NVIDIA GeForce GTX 1050 Ti
[2018.07.18-09.54.32:936][  0]LogD3D11RHI:   Driver Version: 388.13 (internal:23.21.13.8813, unified:388.13)
[2018.07.18-09.54.32:936][  0]LogD3D11RHI:      Driver Date: 10-27-2017
[2018.07.18-09.54.32:936][  0]LogRHI: Texture pool is 2825 MB (70% of 4035 MB)
[2018.07.18-09.54.32:952][  0]LogD3D11RHI: [Aftermath] Aftermath enabled but failed to initialize
[2018.07.18-09.54.32:952][  0]LogD3D11RHI: [Aftermath] Aftermath enabled and primed
[2018.07.18-09.54.32:952][  0]LogD3D11RHI: Async texture creation enabled
[2018.07.18-09.54.32:962][  0]LogD3D11RHI: GPU Timing Frequency: 1000.000000 (Debug: 2 1)
[2018.07.18-09.54.33:010][  0]LogShaderCompilers: Guid format shader working directory is 5 characters bigger than the processId version (D:/DOC/Unreal Projects/BatteryCollector/Intermediate/Shaders/WorkingDirectory/5576/).
[2018.07.18-09.54.33:010][  0]LogShaderCompilers: Cleaned the shader compiler working directory 'C:/Users/ar3/AppData/Local/Temp/UnrealShaderWorkingDir/AE525A9E42E4A34C8B8204BAF451D5D4/'.
[2018.07.18-09.54.34:220][  0]LogTemp: Display: Loaded TP AllDesktopTargetPlatform
[2018.07.18-09.54.34:236][  0]LogTemp: Display: Loaded TP MacClientTargetPlatform
[2018.07.18-09.54.34:256][  0]LogTemp: Display: Loaded TP MacNoEditorTargetPlatform
[2018.07.18-09.54.34:272][  0]LogTemp: Display: Loaded TP MacServerTargetPlatform
[2018.07.18-09.54.34:306][  0]LogTemp: Display: Loaded TP MacTargetPlatform
[2018.07.18-09.54.34:322][  0]LogTemp: Display: Loaded TP WindowsClientTargetPlatform
[2018.07.18-09.54.34:339][  0]LogTemp: Display: Loaded TP WindowsNoEditorTargetPlatform
[2018.07.18-09.54.34:356][  0]LogTemp: Display: Loaded TP WindowsServerTargetPlatform
[2018.07.18-09.54.34:363][  0]LogTemp: Display: Loaded TP WindowsTargetPlatform
[2018.07.18-09.54.34:377][  0]LogTemp: Display: Loaded TP Android_ASTCTargetPlatform
[2018.07.18-09.54.34:391][  0]LogTemp: Display: Loaded TP Android_ATCTargetPlatform
[2018.07.18-09.54.34:406][  0]LogTemp: Display: Loaded TP Android_DXTTargetPlatform
[2018.07.18-09.54.34:420][  0]LogTemp: Display: Loaded TP Android_ETC1aTargetPlatform
[2018.07.18-09.54.34:434][  0]LogTemp: Display: Loaded TP Android_ETC1TargetPlatform
[2018.07.18-09.54.34:449][  0]LogTemp: Display: Loaded TP Android_ETC2TargetPlatform
[2018.07.18-09.54.34:477][  0]LogTemp: Display: Loaded TP Android_MultiTargetPlatform
[2018.07.18-09.54.34:477][  0]LogTemp: Display: Loaded TP Android_PVRTCTargetPlatform
[2018.07.18-09.54.34:513][  0]LogTemp: Display: Loaded TP AndroidTargetPlatform
[2018.07.18-09.54.34:514][  0]LogTemp: Display: Loaded TP HTML5TargetPlatform
[2018.07.18-09.54.34:637][  0]LogTemp: Display: Loaded TP IOSTargetPlatform
[2018.07.18-09.54.34:672][  0]LogTemp: Display: Loaded TP TVOSTargetPlatform
[2018.07.18-09.54.34:702][  0]LogTemp: Display: Loaded TP LinuxClientTargetPlatform
[2018.07.18-09.54.34:719][  0]LogTemp: Display: Loaded TP LinuxNoEditorTargetPlatform
[2018.07.18-09.54.34:733][  0]LogTemp: Display: Loaded TP LinuxServerTargetPlatform
[2018.07.18-09.54.34:767][  0]LogTemp: Display: Loaded TP LinuxTargetPlatform
[2018.07.18-09.54.34:767][  0]LogTargetPlatformManager: Display: Building Assets For Windows
[2018.07.18-09.54.35:774][  0]LogXGEController: Cleaning working directory: C:/Users/ar3/AppData/Local/Temp/UnrealXGEWorkingDir/
[2018.07.18-09.54.35:774][  0]LogXGEController: Cannot use XGE Controller as Incredibuild is not installed on this machine.
[2018.07.18-09.54.35:774][  0]LogShaderCompilers: Cannot use XGE Shader Compiler as Incredibuild is not installed on this machine.
[2018.07.18-09.54.35:774][  0]LogShaderCompilers: Display: Using Local Shader Compiler.
[2018.07.18-09.54.38:715][  0]LogDerivedDataCache: Display: Max Cache Size: 512 MB
[2018.07.18-09.54.39:293][  0]LogDerivedDataCache: Loaded boot cache 0.58s 89MB C:/Users/ar3/AppData/Local/UnrealEngine/4.19/DerivedDataCache/Boot.ddc.
[2018.07.18-09.54.39:294][  0]LogDerivedDataCache: Display: Loaded Boot cache: C:/Users/ar3/AppData/Local/UnrealEngine/4.19/DerivedDataCache/Boot.ddc
[2018.07.18-09.54.39:294][  0]LogDerivedDataCache: FDerivedDataBackendGraph:  Pak pak cache file D:/DOC/Unreal Projects/BatteryCollector/DerivedDataCache/DDC.ddp not found, will not use a pak cache.
[2018.07.18-09.54.39:294][  0]LogDerivedDataCache: Unable to find inner node Pak for hierarchical cache Hierarchy.
[2018.07.18-09.54.39:294][  0]LogDerivedDataCache: FDerivedDataBackendGraph:  CompressedPak pak cache file D:/DOC/Unreal Projects/BatteryCollector/DerivedDataCache/Compressed.ddp not found, will not use a pak cache.
[2018.07.18-09.54.39:294][  0]LogDerivedDataCache: Unable to find inner node CompressedPak for hierarchical cache Hierarchy.
[2018.07.18-09.54.39:356][  0]LogDerivedDataCache: Display: Pak cache opened for reading ../../../Engine/DerivedDataCache/Compressed.ddp.
[2018.07.18-09.54.39:368][  0]LogDerivedDataCache: Using Local data cache path C:/Users/ar3/AppData/Local/UnrealEngine/Common/DerivedDataCache: Writable
[2018.07.18-09.54.39:368][  0]LogDerivedDataCache: Shared data cache path not found in *engine.ini, will not use an Shared cache.
[2018.07.18-09.54.39:368][  0]LogDerivedDataCache: Unable to find inner node Shared for hierarchical cache Hierarchy.
[2018.07.18-09.54.39:381][  0]LogMaterial: Verifying Global Shaders for PCD3D_SM5
[2018.07.18-09.54.39:382][  0]LogSlate: Using Freetype 2.6.0
[2018.07.18-09.54.39:437][  0]LogSlate: SlateFontCache - WITH_FREETYPE: 1, WITH_HARFBUZZ: 1
[2018.07.18-09.54.39:437][  0]LogSlate: SlateFontCache - WITH_FREETYPE: 1, WITH_HARFBUZZ: 1
[2018.07.18-09.54.46:165][  0]LogAssetRegistry: FAssetRegistry took 0.0283 seconds to start up
[2018.07.18-09.54.46:536][  0]LogInit: Selected Device Profile: [Windows]
[2018.07.18-09.54.47:490][  0]LogSimplygon: Simplygon DLL not present - disabling.
[2018.07.18-09.54.47:493][  0]LogMeshReduction: Using SimplygonSwarm for distributed automatic mesh merging
[2018.07.18-09.54.47:493][  0]LogMeshReduction: Using QuadricMeshReduction for automatic static mesh reduction
[2018.07.18-09.54.47:493][  0]LogMeshReduction: No automatic skeletal mesh reduction module available
[2018.07.18-09.54.47:493][  0]LogMeshReduction: No automatic mesh merging module available
[2018.07.18-09.54.47:493][  0]LogMeshMerging: No automatic mesh merging module available
[2018.07.18-09.54.47:538][  0]LogNetVersion: BatteryCollector , NetCL: 3944462, EngineNetVer: 2, GameNetVer: 0 (Checksum: 2696390782)
[2018.07.18-09.54.49:601][  0]LogPackageLocalizationCache: Processed 9 localized package path(s) for 2 prioritized culture(s) in 0.102102 seconds
[2018.07.18-09.54.49:608][  0]LogUObjectArray: 36728 objects as part of root set at end of initial load.
[2018.07.18-09.54.49:608][  0]LogUObjectAllocator: 7314312 out of 0 bytes used by permanent object pool.
[2018.07.18-09.54.49:608][  0]LogUObjectArray: CloseDisregardForGC: 0/0 objects in disregard for GC pool
[2018.07.18-09.55.10:399][  0]LogTcpMessaging: Initializing TcpMessaging bridge
[2018.07.18-09.55.10:427][  0]LogUdpMessaging: Initializing bridge on interface 0.0.0.0:0 to multicast group 230.0.0.1:6666.
[2018.07.18-09.55.10:938][  0]LogUObjectGlobals: Created PersistentFrame Addr=0x000002391d356740, Size=64, Default__ThirdPerson_AnimBP_C Function /Game/Mannequin/Animations/ThirdPerson_AnimBP.ThirdPerson_AnimBP_C:ExecuteUbergraph_ThirdPerson_AnimBP
[2018.07.18-09.55.10:949][  0]LogUObjectGlobals: Destroyed PersistentFrame Addr=0x000002391d356740, Size=64
[2018.07.18-09.55.10:949][  0]LogUObjectGlobals: Created PersistentFrame Addr=0x000002391d356740, Size=64, Default__ThirdPerson_AnimBP_C Function /Engine/Transient.REINST_ThirdPerson_AnimBP_C_0:ExecuteUbergraph_ThirdPerson_AnimBP
[2018.07.18-09.55.10:956][  0]LogUObjectGlobals: Created PersistentFrame Addr=0x000002391cf46a70, Size=72, Default__ThirdPerson_AnimBP_C Function /Game/Mannequin/Animations/ThirdPerson_AnimBP.ThirdPerson_AnimBP_C:ExecuteUbergraph_ThirdPerson_AnimBP
[2018.07.18-09.55.11:630][  0]LogSkeletalMesh: Skeletal Mesh found in DDC [3.155153ms] /Game/Mannequin/Character/Mesh/SK_Mannequin.SK_Mannequin
[2018.07.18-09.55.11:857][  0]SourceControl: Source control is disabled
[2018.07.18-09.55.11:857][  0]SourceControl: Source control is disabled
[2018.07.18-09.55.11:879][  0]SourceControl: Source control is disabled
[2018.07.18-09.55.11:911][  0]SourceControl: Source control is disabled
[2018.07.18-09.55.12:508][  0]LogAndroidPermission: UAndroidPermissionCallbackProxy::GetInstance
[2018.07.18-09.55.12:635][  0]LogOcInput: OculusInput pre-init called
[2018.07.18-09.55.12:824][  0]LogEngine: Initializing Engine...
[2018.07.18-09.55.12:826][  0]LogHMD: Failed to initialize OpenVR with code 110
[2018.07.18-09.55.12:829][  0]LogStats: UGameplayTagsManager::ConstructGameplayTagTree: Construct from data asset -  0.000 s
[2018.07.18-09.55.12:829][  0]LogStats: UGameplayTagsManager::ConstructGameplayTagTree: GameplayTagTreeChangedEvent.Broadcast -  0.000 s
[2018.07.18-09.55.13:547][  0]LogAIModule: Creating AISystem for world Untitled
[2018.07.18-09.55.13:552][  0]LogInit: XAudio2 using 'SAMSUNG-4 (NVIDIA High Definition Audio)' : 2 channels at 48 kHz using 16 bits per sample (channel mask 0x3)
[2018.07.18-09.55.13:557][  0]LogInit: FAudioDevice initialized.
[2018.07.18-09.55.13:691][  0]LogDerivedDataCache: Saved boot cache 0.13s 89MB C:/Users/ar3/AppData/Local/UnrealEngine/4.19/DerivedDataCache/Boot.ddc.
[2018.07.18-09.55.13:715][  0]LogInit: Texture streaming: Enabled
[2018.07.18-09.55.13:737][  0]LogEngineSessionManager: EngineSessionManager initialized
[2018.07.18-09.55.13:859][  0]LogInit: Transaction tracking system initialized
[2018.07.18-09.55.13:892][  0]BlueprintLog: New page: Editor Load
[2018.07.18-09.55.14:361][  0]LocalizationService: Localization service is disabled
[2018.07.18-09.55.14:919][  0]LogConsoleResponse: Display: 
[2018.07.18-09.55.16:752][  0]LogCook: Display: Max memory allowance for cook 16384mb min free memory 0mb
[2018.07.18-09.55.16:752][  0]LogCook: Display: Mobile HDR setting 1
[2018.07.18-09.55.16:752][  0]LogGameplayTags: Display: UGameplayTagsManager::DoneAddingNativeTags. DelegateIsBound: 0
[2018.07.18-09.55.16:753][  0]LogStats: UGameplayTagsManager::ConstructGameplayTagTree: Construct from data asset -  0.000 s
[2018.07.18-09.55.16:753][  0]LogStats: UGameplayTagsManager::ConstructGameplayTagTree: GameplayTagTreeChangedEvent.Broadcast -  0.000 s
[2018.07.18-09.55.17:300][  0]LogFileCache: Scanning file cache for directory 'D:/DOC/Unreal Projects/BatteryCollector/Content/' took 0.02s
[2018.07.18-09.55.18:011][  0]SourceControl: Source control is disabled
[2018.07.18-09.55.18:011][  0]Cmd: MAP LOAD FILE="D:/DOC/Unreal Projects/BatteryCollector/Content/Maps/CollectionLevel.umap" TEMPLATE=0 SHOWPROGRESS=1 FEATURELEVEL=3
[2018.07.18-09.55.18:011][  0]LightingResults: New page: Lighting Build
[2018.07.18-09.55.18:015][  0]MapCheck: New page: Map Check
[2018.07.18-09.55.18:015][  0]LightingResults: New page: Lighting Build
[2018.07.18-09.55.18:025][  0]LogUObjectGlobals: Destroyed PersistentFrame Addr=0x000002391d356740, Size=64
[2018.07.18-09.55.25:888][  0]LogAIModule: Creating AISystem for world CollectionLevel
[2018.07.18-09.55.25:964][  0]LogEditorServer: Finished looking for orphan Actors (0.000 secs)
[2018.07.18-09.55.25:983][  0]Cmd: MAP CHECKDEP NOCLEARLOG
[2018.07.18-09.55.26:045][  0]MapCheck: Map check complete: 0 Error(s), 0 Warning(s), took 61.823ms to complete.
[2018.07.18-09.55.26:045][  0]LogFileHelpers: Loading map 'CollectionLevel' took 8.035
[2018.07.18-09.55.26:440][  0]LogSlate: Took 0.124620 seconds to synchronously load lazily loaded font '../../../Engine/Content/Slate/Fonts/Roboto-Regular.ttf' (155K)
[2018.07.18-09.55.26:527][  0]LogSlate: Took 0.077623 seconds to synchronously load lazily loaded font '../../../Engine/Content/Slate/Fonts/Roboto-Bold.ttf' (160K)
[2018.07.18-09.55.26:834][  0]LogRenderer: Reallocating scene render targets to support 772x564 Format 10 NumSamples 1 (Frame:1).
[2018.07.18-09.55.26:994][  0]LogLoad: (Engine Initialization) Total time: 70.52 seconds
[2018.07.18-09.55.26:994][  0]LogLoad: (Engine Initialization) Total Blueprint compile time: 0.00 seconds
[2018.07.18-09.55.27:354][  0]LogContentStreaming: Texture pool size now 1000 MB
[2018.07.18-09.55.27:407][  1]LogRenderer: Reallocating scene render targets to support 772x580 Format 10 NumSamples 1 (Frame:3).
[2018.07.18-09.55.27:678][  1]LogAssetRegistry: Asset discovery search completed in 41.5349 seconds
[2018.07.18-09.55.27:686][  1]LogCollectionManager: Loaded 0 collections in 0.001955 seconds
[2018.07.18-09.55.27:721][  1]LogFileCache: Scanning file cache for directory 'D:/DOC/Unreal Projects/BatteryCollector/Saved/Collections/' took 0.01s
[2018.07.18-09.55.27:721][  1]LogFileCache: Scanning file cache for directory 'D:/DOC/Unreal Projects/BatteryCollector/Content/Developers/ar3/Collections/' took 0.01s
[2018.07.18-09.55.27:722][  1]LogFileCache: Scanning file cache for directory 'D:/DOC/Unreal Projects/BatteryCollector/Content/Collections/' took 0.01s
[2018.07.18-09.55.27:722][  1]LogCollectionManager: Rebuilt the object cache for 0 collections in 0.000000 seconds (found 0 objects)
[2018.07.18-09.55.27:722][  1]LogCollectionManager: Fixed up redirectors for 0 collections in 0.000167 seconds (updated 0 objects)
[2018.07.18-09.55.39:696][407]LogSlate: FSceneViewport::OnFocusLost() reason 0
[2018.07.18-09.55.44:231][928]LogPlayLevel: PlayLevel: No blueprints needed recompiling
[2018.07.18-09.55.44:231][928]PIE: New page: PIE session: CollectionLevel (Jul 18, 2018, 11:55:44 PM)
[2018.07.18-09.55.44:231][928]LogPlayLevel: Creating play world package: /Game/Maps/UEDPIE_0_CollectionLevel
[2018.07.18-09.55.44:235][928]LogPlayLevel: PIE: StaticDuplicateObject took: (0.003878s)
[2018.07.18-09.55.44:236][928]LogAIModule: Creating AISystem for world CollectionLevel
[2018.07.18-09.55.44:236][928]LogPlayLevel: PIE: World Init took: (0.001059s)
[2018.07.18-09.55.44:236][928]LogPlayLevel: PIE: Created PIE world by copying editor world from /Game/Maps/CollectionLevel.CollectionLevel to /Game/Maps/UEDPIE_0_CollectionLevel.CollectionLevel (0.005125s)
[2018.07.18-09.55.44:250][928]LogInit: XAudio2 using 'SAMSUNG-4 (NVIDIA High Definition Audio)' : 2 channels at 48 kHz using 16 bits per sample (channel mask 0x3)
[2018.07.18-09.55.44:255][928]LogInit: FAudioDevice initialized.
[2018.07.18-09.55.44:305][928]LogLoad: Game class is 'BatteryCollectorGameMode'
[2018.07.18-09.55.44:307][928]LogWorld: Bringing World /Game/Maps/UEDPIE_0_CollectionLevel.CollectionLevel up for play (max tick rate 0) at 2018.07.18-16.55.44
[2018.07.18-09.55.44:308][928]LogWorld: Bringing up level for play took: 0.001417
[2018.07.18-09.55.44:315][928]PIE: Play in editor start time for /Game/Maps/UEDPIE_0_CollectionLevel 0.222
[2018.07.18-09.55.44:342][928]LogRenderer: Reallocating scene render targets to support 1292x756 Format 10 NumSamples 1 (Frame:1).
[2018.07.18-09.55.53:416][  6]LogSlate: Window 'BatteryCollector Game Preview Standalone (64-bit/PCD3D_SM5)' being destroyed
[2018.07.18-10.06.00:326][662]LogCollectionManager: Rebuilt the GUID cache for 0 collections in 0.000000 seconds
[2018.07.18-10.06.00:336][662]LogContentBrowser: Native class hierarchy populated in 0.0106 seconds. Added 2454 classes and 560 folders.
[2018.07.18-10.06.00:347][662]LogContentBrowser: Native class hierarchy updated for 'WidgetCarousel' in 0.0005 seconds. Added 0 classes and 0 folders.
[2018.07.18-10.06.02:067][662]LogContentBrowser: Native class hierarchy updated for 'AddContentDialog' in 0.0007 seconds. Added 0 classes and 0 folders.
[2018.07.18-10.06.02:100][662]LogSlate: Took 0.027268 seconds to synchronously load lazily loaded font '../../../Engine/Content/Editor/Slate/Fonts/FontAwesome.ttf' (139K)
[2018.07.18-10.06.02:120][662]LogSlate: Took 0.003621 seconds to synchronously load lazily loaded font '../../../Engine/Content/Slate/Fonts/Roboto-Light.ttf' (167K)
[2018.07.18-10.06.07:221][248]LogSlate: Took 0.000171 seconds to synchronously load lazily loaded font '../../../Engine/Content/Slate/Fonts/Roboto-Light.ttf' (167K)
[2018.07.18-10.06.07:278][248]LogSlate: Took 0.021278 seconds to synchronously load lazily loaded font '../../../Engine/Content/Slate/Fonts/Roboto-BoldCondensed.ttf' (158K)
[2018.07.18-10.06.17:358][384]Running C:/Program Files/Epic Games/UE_4.19/Engine/Binaries/DotNET/UnrealBuildTool.exe BatteryCollector Win64 Development -editorrecompile "D:/DOC/Unreal Projects/BatteryCollector/BatteryCollector.uproject" -invalidatemakefilesonly
[2018.07.18-10.06.17:661][384]Invalidating makefiles only in this run.
[2018.07.18-10.06.17:894][384]Candidate modules for hot reload:
[2018.07.18-10.06.17:894][384]  BatteryCollector
[2018.07.18-10.06.17:894][384]Launching UnrealBuildTool... [C:/Program Files/Epic Games/UE_4.19/Engine/Binaries/DotNET/UnrealBuildTool.exe BatteryCollector -ModuleWithSuffix=BatteryCollector,2178 Win64 Development -editorrecompile -canskiplink "D:/DOC/Unreal Projects/BatteryCollector/BatteryCollector.uproject" ]
[2018.07.18-10.08.02:264][384]CompilerResultsLog: New page: Compilation - Jul 19, 2018, 12:08:02 AM
[2018.07.18-10.08.02:264][384]CompilerResultsLog: Using 'git status' to determine working set for adaptive non-unity build.
[2018.07.18-10.08.02:264][384]CompilerResultsLog: Creating makefile for hot reloading BatteryCollector (no existing makefile)
[2018.07.18-10.08.02:264][384]CompilerResultsLog: Compiling game modules for hot reload
[2018.07.18-10.08.02:264][384]CompilerResultsLog: Parsing headers for BatteryCollectorEditor
[2018.07.18-10.08.02:264][384]CompilerResultsLog:   Running UnrealHeaderTool "D:\DOC\Unreal Projects\BatteryCollector\BatteryCollector.uproject" "D:\DOC\Unreal Projects\BatteryCollector\Intermediate\Build\Win64\BatteryCollectorEditor\Development\BatteryCollectorEditor.uhtmanifest" -LogCmds="loginit warning, logexit warning, logdatabase error" -Unattended -WarningsAsErrors -installed
[2018.07.18-10.08.02:264][384]CompilerResultsLog: Reflection code generated for BatteryCollectorEditor in 10,1254604 seconds
[2018.07.18-10.08.02:264][384]CompilerResultsLog: Performing 5 actions (4 in parallel)
[2018.07.18-10.08.02:264][384]CompilerResultsLog: BatteryCollector.init.gen.cpp
[2018.07.18-10.08.02:264][384]CompilerResultsLog: Pickup.gen.cpp
[2018.07.18-10.08.02:264][384]CompilerResultsLog: Pickup.cpp
[2018.07.18-10.08.02:264][384]CompilerResultsLog: [4/5] Link UE4Editor-BatteryCollector-2178.dll
[2018.07.18-10.08.02:264][384]CompilerResultsLog: [5/5] Link UE4Editor-BatteryCollector-2178.lib
[2018.07.18-10.08.02:264][384]CompilerResultsLog:    Creating library D:\DOC\Unreal Projects\BatteryCollector\Intermediate\Build\Win64\UE4Editor\Development\UE4Editor-BatteryCollector-2178.lib and object D:\DOC\Unreal Projects\BatteryCollector\Intermediate\Build\Win64\UE4Editor\Development\UE4Editor-BatteryCollector-2178.exp
[2018.07.18-10.08.02:264][384]CompilerResultsLog:    Creating library D:\DOC\Unreal Projects\BatteryCollector\Intermediate\Build\Win64\UE4Editor\Development\UE4Editor-BatteryCollector-2178.suppressed.lib and object D:\DOC\Unreal Projects\BatteryCollector\Intermediate\Build\Win64\UE4Editor\Development\UE4Editor-BatteryCollector-2178.suppressed.exp
[2018.07.18-10.08.02:264][384]CompilerResultsLog: Total build time: 104,18 seconds (Local executor: 52,72 seconds)
[2018.07.18-10.08.02:264][384]LogMainFrame: MainFrame: Module compiling took 104.374 seconds
[2018.07.18-10.08.02:329][384]LogClass: Could not find existing class Pickup in package /Script/BatteryCollector for HotReload, assuming new class
[2018.07.18-10.08.02:332][384]LogContentBrowser: Native class hierarchy updated for 'BatteryCollector' in 0.0006 seconds. Added 3 classes and 2 folders.
[2018.07.18-10.08.02:333][384]Display: HotReload successful (0 functions remapped  0 scriptstructs remapped)
[2018.07.18-10.08.02:456][384]LogContentBrowser: Native class hierarchy populated in 0.0115 seconds. Added 2455 classes and 560 folders.
[2018.07.18-10.08.02:462][384]Display: HotReload took 104.7s.
[2018.07.18-10.08.02:463][384]Warning: HotReload operation took 104.7s.
[2018.07.18-10.08.02:844][384]LogSlate: Window 'Add C++ Class' being destroyed
[2018.07.18-10.08.02:853][384]LogHotReload: New module detected: UE4Editor-BatteryCollector-2178.dll
[2018.07.18-10.08.02:887][385]LogHotReload: Starting Hot-Reload from IDE
[2018.07.18-10.08.02:926][385]LogContentBrowser: Native class hierarchy updated for 'BatteryCollector' in 0.0006 seconds. Added 3 classes and 2 folders.
[2018.07.18-10.08.02:929][385]Display: HotReload successful (0 functions remapped  0 scriptstructs remapped)
[2018.07.18-10.08.02:953][385]LogContentBrowser: Native class hierarchy populated in 0.0117 seconds. Added 2455 classes and 560 folders.
[2018.07.18-10.08.02:960][385]Display: HotReload took  0.1s.
[2018.07.18-10.36.37:666][895]Candidate modules for hot reload:
[2018.07.18-10.36.37:666][895]  BatteryCollector
[2018.07.18-10.36.37:666][895]Launching UnrealBuildTool... [C:/Program Files/Epic Games/UE_4.19/Engine/Binaries/DotNET/UnrealBuildTool.exe BatteryCollector -ModuleWithSuffix=BatteryCollector,2234 Win64 Development -editorrecompile -canskiplink "D:/DOC/Unreal Projects/BatteryCollector/BatteryCollector.uproject" ]
[2018.07.18-10.36.37:732][895]Warning: Starting HotReload took  0.1s.
[2018.07.18-10.36.59:967][479]CompilerResultsLog: New page: Compilation - Jul 19, 2018, 12:36:59 AM
[2018.07.18-10.36.59:967][479]CompilerResultsLog: Using 'git status' to determine working set for adaptive non-unity build.
[2018.07.18-10.36.59:967][479]CompilerResultsLog: Compiling game modules for hot reload
[2018.07.18-10.36.59:967][479]CompilerResultsLog: Parsing headers for BatteryCollectorEditor
[2018.07.18-10.36.59:967][479]CompilerResultsLog:   Running UnrealHeaderTool "D:\DOC\Unreal Projects\BatteryCollector\BatteryCollector.uproject" "D:\DOC\Unreal Projects\BatteryCollector\Intermediate\Build\Win64\BatteryCollectorEditor\Development\BatteryCollectorEditor.uhtmanifest" -LogCmds="loginit warning, logexit warning, logdatabase error" -Unattended -WarningsAsErrors -installed
[2018.07.18-10.36.59:968][479]CompilerResultsLog: Reflection code generated for BatteryCollectorEditor in 18,6680338 seconds
[2018.07.18-10.36.59:968][479]CompilerResultsLog: Performing 5 actions (4 in parallel)
[2018.07.18-10.36.59:968][479]CompilerResultsLog: BatteryCollector.init.gen.cpp
[2018.07.18-10.36.59:968][479]CompilerResultsLog: Pickup.cpp
[2018.07.18-10.36.59:968][479]CompilerResultsLog: Pickup.gen.cpp
[2018.07.18-10.36.59:968][479]CompilerResultsLog: [4/5] Link UE4Editor-BatteryCollector-2234.dll
[2018.07.18-10.36.59:968][479]CompilerResultsLog: [5/5] Link UE4Editor-BatteryCollector-2234.lib
[2018.07.18-10.36.59:968][479]CompilerResultsLog:    Creating library D:\DOC\Unreal Projects\BatteryCollector\Intermediate\Build\Win64\UE4Editor\Development\UE4Editor-BatteryCollector-2234.lib and object D:\DOC\Unreal Projects\BatteryCollector\Intermediate\Build\Win64\UE4Editor\Development\UE4Editor-BatteryCollector-2234.exp
[2018.07.18-10.36.59:968][479]CompilerResultsLog:    Creating library D:\DOC\Unreal Projects\BatteryCollector\Intermediate\Build\Win64\UE4Editor\Development\UE4Editor-BatteryCollector-2234.suppressed.lib and object D:\DOC\Unreal Projects\BatteryCollector\Intermediate\Build\Win64\UE4Editor\Development\UE4Editor-BatteryCollector-2234.suppressed.exp
[2018.07.18-10.36.59:968][479]CompilerResultsLog: Total build time: 21,88 seconds (Local executor: 1,92 seconds)
[2018.07.18-10.36.59:968][479]LogMainFrame: MainFrame: Module compiling took 22.305 seconds
[2018.07.18-10.37.00:009][479]LogClass: Could not find existing class Pickup in package /Script/BatteryCollector for HotReload, assuming new class
[2018.07.18-10.37.00:016][479]LogHotReload: Re-instancing Pickup after hot-reload.
[2018.07.18-10.37.00:078][479]LogContentBrowser: Native class hierarchy updated for 'BatteryCollector' in 0.0006 seconds. Added 3 classes and 2 folders.
[2018.07.18-10.37.00:079][479]Display: HotReload successful (0 functions remapped  0 scriptstructs remapped)
[2018.07.18-10.37.00:127][479]LogContentBrowser: Native class hierarchy populated in 0.0120 seconds. Added 2455 classes and 560 folders.
[2018.07.18-10.37.00:130][479]Display: HotReload took 22.5s.
